0	10:00:31.423	CCI系统 GBPUSD,Daily: uninit reason 4
0	10:00:31.439	Expert CCI系统 GBPUSD,Daily: removed
0	10:00:31.439	BBI GBPUSD,Daily: uninit reason 9
0	10:00:31.439	Custom indicator BBI GBPUSD,Daily: removed
0	10:00:33.501	CCI系统 AUDUSD,Daily: uninit reason 4
0	10:00:33.501	Expert CCI系统 AUDUSD,Daily: removed
0	10:00:35.032	CCI系统 USDCAD,Daily: uninit reason 4
0	10:00:35.032	Expert CCI系统 USDCAD,Daily: removed
0	10:00:48.459	CCI系统 EURUSD,Daily: uninit reason 5
0	10:00:48.476	CCI系统 EURUSD,Daily: initialized
0	10:00:48.506	CCI系统 EURUSD,Daily inputs: CCI_period=14; volumn=1.0; MAX_stopless=50.0; ADD_profit=20.0; Trailing_start=20.0; MAX_profit=200.0; Start_account=10000.0; IS_add_order=true; Percent=0.6; 
3	10:01:40.941	Automated trading disabled due to EA being synchronized with virtual hosting and enabled on virtual hosting
0	10:02:54.577	CCI系统 EURUSD,Daily: uninit reason 1
0	10:02:54.593	Expert CCI系统 EURUSD,Daily: removed
0	10:11:17.152	Expert CCI系统 EURUSD,Daily: loaded successfully
0	10:11:23.307	CCI系统 EURUSD,Daily inputs: CCI_period=14; volumn=1.0; MAX_stopless=50.0; ADD_profit=20.0; Trailing_start=20.0; MAX_profit=200.0; Start_account=10000.0; IS_add_order=true; Percent=0.6; 
0	10:11:23.323	CCI系统 EURUSD,Daily: initialized
3	10:12:07.289	Automated trading disabled due to EA being synchronized with virtual hosting and enabled on virtual hosting
0	10:13:55.622	Expert CCI系统 GBPUSD,H1: loaded successfully
0	10:14:02.933	CCI系统 GBPUSD,H1 inputs: CCI_period=14; volumn=0.5; MAX_stopless=50.0; ADD_profit=20.0; Trailing_start=20.0; MAX_profit=200.0; Start_account=10000.0; IS_add_order=true; Percent=0.6; 
0	10:14:02.949	CCI系统 GBPUSD,H1: initialized
0	10:14:07.152	CCI系统 GBPUSD,H1: uninit reason 3
0	10:40:29.207	CCI系统 EURUSD,Daily: uninit reason 2
0	10:40:29.207	Expert CCI系统 EURUSD,Daily: removed
0	10:40:29.223	Expert CCI系统 EURUSD,Daily: loaded successfully
0	10:40:29.348	CCI系统 EURUSD,Daily: initialized
0	10:40:29.535	CCI系统 EURUSD,Daily: uninit reason 2
0	10:40:29.535	Expert CCI系统 EURUSD,Daily: removed
0	10:40:29.551	Expert CCI系统 EURUSD,Daily: loaded successfully
0	10:40:29.551	Expert CCI系统 GBPUSD,Daily: removed
0	10:40:29.551	Expert CCI系统 GBPUSD,Daily: loaded successfully
0	10:40:29.567	CCI系统 EURUSD,Daily: initialized
0	10:40:29.582	CCI系统 GBPUSD,Daily: initialized
0	10:40:29.801	CCI系统 GBPUSD,Daily: uninit reason 2
0	10:40:29.801	Expert CCI系统 GBPUSD,Daily: removed
0	10:40:29.817	Expert CCI系统 GBPUSD,Daily: loaded successfully
0	10:40:29.832	CCI系统 GBPUSD,Daily: initialized
0	10:46:13.129	BBI EURUSD,Daily: uninit reason 1
0	10:46:13.129	Custom indicator BBI EURUSD,Daily: removed
0	11:05:28.603	CCI系统 GBPUSD,Daily: uninit reason 4
0	11:05:28.603	Expert CCI系统 GBPUSD,Daily: removed
0	13:51:18.632	CCI系统 EURUSD,Daily: uninit reason 2
0	13:51:18.632	Expert CCI系统 EURUSD,Daily: removed
0	13:51:18.647	Expert CCI系统 EURUSD,Daily: loaded successfully
0	13:51:18.679	CCI系统 EURUSD,Daily: initialized
0	13:51:18.913	CCI系统 EURUSD,Daily: uninit reason 2
0	13:51:18.913	Expert CCI系统 EURUSD,Daily: removed
0	13:51:18.913	Expert CCI系统 EURUSD,Daily: loaded successfully
0	13:51:18.929	CCI系统 EURUSD,Daily: initialized
0	13:51:19.210	CCI系统 EURUSD,Daily: uninit reason 2
0	13:51:19.210	Expert CCI系统 EURUSD,Daily: removed
0	13:51:19.226	Expert CCI系统 EURUSD,Daily: loaded successfully
0	13:51:19.242	CCI系统 EURUSD,Daily: initialized
0	13:54:00.630	Automated trading enabled
0	13:54:10.629	CCI系统 EURUSD,Daily: uninit reason 1
0	13:54:10.646	Expert CCI系统 EURUSD,Daily: removed
0	13:54:10.660	Expert CCI系统 EURUSD,Daily: loaded successfully
0	13:54:17.644	CCI系统 EURUSD,Daily inputs: CCI_period=14; volumn=1.0; MAX_stopless=50.0; ADD_profit=20.0; Trailing_start=20.0; MAX_profit=200.0; Start_account=10000.0; IS_add_order=true; Percent=0.6; 
0	13:54:17.660	CCI系统 EURUSD,Daily: initialized
3	13:54:26.098	Automated trading disabled due to EA being synchronized with virtual hosting and enabled on virtual hosting
0	14:08:18.781	CCI系统 EURUSD,Daily: uninit reason 2
0	14:08:18.781	Expert CCI系统 EURUSD,Daily: removed
0	14:08:18.781	Expert CCI系统 EURUSD,Daily: loaded successfully
0	14:08:18.797	CCI系统 EURUSD,Daily: initialized
0	14:08:19.125	CCI系统 EURUSD,Daily: uninit reason 2
0	14:08:19.125	Expert CCI系统 EURUSD,Daily: removed
0	14:08:19.140	Expert CCI系统 EURUSD,Daily: loaded successfully
0	14:08:19.156	CCI系统 EURUSD,Daily: initialized
0	14:31:36.113	CCI系统 EURUSD,Daily: uninit reason 2
0	14:31:36.113	Expert CCI系统 EURUSD,Daily: removed
0	14:31:36.129	Expert CCI系统 EURUSD,Daily: loaded successfully
0	14:31:36.144	CCI系统 EURUSD,Daily: initialized
0	14:31:37.207	CCI系统 EURUSD,Daily: uninit reason 2
0	14:31:37.207	Expert CCI系统 EURUSD,Daily: removed
0	14:31:37.222	Expert CCI系统 EURUSD,Daily: loaded successfully
0	14:31:37.238	CCI系统 EURUSD,Daily: initialized
0	14:31:37.426	CCI系统 EURUSD,Daily: uninit reason 2
0	14:31:37.426	Expert CCI系统 EURUSD,Daily: removed
0	14:31:37.441	Expert CCI系统 EURUSD,Daily: loaded successfully
0	14:31:37.457	CCI系统 EURUSD,Daily: initialized
0	14:34:31.311	CCI系统 EURUSD,Daily: uninit reason 2
0	14:34:31.311	Expert CCI系统 EURUSD,Daily: removed
0	14:34:31.326	Expert CCI系统 EURUSD,Daily: loaded successfully
0	14:34:31.373	CCI系统 EURUSD,Daily: initialized
0	14:34:31.467	CCI系统 EURUSD,Daily: uninit reason 2
0	14:34:31.467	Expert CCI系统 EURUSD,Daily: removed
0	14:34:31.483	Expert CCI系统 EURUSD,Daily: loaded successfully
0	14:34:31.498	CCI系统 EURUSD,Daily: initialized
0	14:36:27.395	CCI系统 EURUSD,Daily: uninit reason 2
0	14:36:27.395	Expert CCI系统 EURUSD,Daily: removed
0	14:36:27.410	Expert CCI系统 EURUSD,Daily: loaded successfully
0	14:36:27.426	CCI系统 EURUSD,Daily: initialized
0	14:36:28.145	CCI系统 EURUSD,Daily: uninit reason 2
0	14:36:28.145	Expert CCI系统 EURUSD,Daily: removed
0	14:36:28.160	Expert CCI系统 EURUSD,Daily: loaded successfully
0	14:36:28.176	CCI系统 EURUSD,Daily: initialized
0	14:38:21.010	CCI系统 EURUSD,Daily: uninit reason 2
0	14:38:21.010	Expert CCI系统 EURUSD,Daily: removed
0	14:38:21.026	Expert CCI系统 EURUSD,Daily: loaded successfully
0	14:38:21.041	CCI系统 EURUSD,Daily: initialized
0	14:38:21.248	CCI系统 EURUSD,Daily: uninit reason 2
0	14:38:21.248	Expert CCI系统 EURUSD,Daily: removed
0	14:38:21.260	Expert CCI系统 EURUSD,Daily: loaded successfully
0	14:38:21.276	CCI系统 EURUSD,Daily: initialized
0	14:45:45.810	CCI系统 EURUSD,Daily: uninit reason 2
0	14:45:45.810	Expert CCI系统 EURUSD,Daily: removed
0	14:45:45.826	Expert CCI系统 EURUSD,Daily: loaded successfully
0	14:45:45.841	CCI系统 EURUSD,Daily: initialized
0	14:45:46.263	CCI系统 EURUSD,Daily: uninit reason 2
0	14:45:46.263	Expert CCI系统 EURUSD,Daily: removed
0	14:45:46.279	Expert CCI系统 EURUSD,Daily: loaded successfully
0	14:45:46.279	CCI系统 EURUSD,Daily: initialized
0	14:45:46.404	CCI系统 EURUSD,Daily: uninit reason 2
0	14:45:46.404	Expert CCI系统 EURUSD,Daily: removed
0	14:45:46.419	Expert CCI系统 EURUSD,Daily: loaded successfully
0	14:45:46.435	CCI系统 EURUSD,Daily: initialized
0	14:45:46.638	CCI系统 EURUSD,Daily: uninit reason 2
0	14:45:46.638	Expert CCI系统 EURUSD,Daily: removed
0	14:45:46.654	Expert CCI系统 EURUSD,Daily: loaded successfully
0	14:45:46.670	CCI系统 EURUSD,Daily: initialized
0	14:47:35.244	CCI系统 EURUSD,Daily: uninit reason 2
0	14:47:35.244	Expert CCI系统 EURUSD,Daily: removed
0	14:47:35.260	Expert CCI系统 EURUSD,Daily: loaded successfully
0	14:47:35.275	CCI系统 EURUSD,Daily: initialized
0	14:55:36.374	CCI系统 EURUSD,Daily: uninit reason 2
0	14:55:36.374	Expert CCI系统 EURUSD,Daily: removed
0	14:55:36.389	Expert CCI系统 EURUSD,Daily: loaded successfully
0	14:55:36.405	CCI系统 EURUSD,Daily: initialized
0	14:55:37.202	CCI系统 EURUSD,Daily: uninit reason 2
0	14:55:37.202	Expert CCI系统 EURUSD,Daily: removed
0	14:55:37.217	Expert CCI系统 EURUSD,Daily: loaded successfully
0	14:55:37.234	CCI系统 EURUSD,Daily: initialized
0	14:55:44.415	CCI系统 EURUSD,Daily: uninit reason 2
0	14:55:44.415	Expert CCI系统 EURUSD,Daily: removed
0	14:55:44.415	Expert CCI系统 EURUSD,Daily: loaded successfully
0	14:55:44.430	CCI系统 EURUSD,Daily: initialized
0	14:55:45.211	CCI系统 EURUSD,Daily: uninit reason 2
0	14:55:45.211	Expert CCI系统 EURUSD,Daily: removed
0	14:55:45.211	Expert CCI系统 EURUSD,Daily: loaded successfully
0	14:55:45.228	CCI系统 EURUSD,Daily: initialized
0	15:01:06.359	CCI系统 EURUSD,Daily: uninit reason 2
0	15:01:06.359	Expert CCI系统 EURUSD,Daily: removed
0	15:01:06.374	Expert CCI系统 EURUSD,Daily: loaded successfully
0	15:01:06.390	CCI系统 EURUSD,Daily: initialized
0	15:01:06.546	CCI系统 EURUSD,Daily: uninit reason 2
0	15:01:06.562	Expert CCI系统 EURUSD,Daily: removed
0	15:01:06.562	Expert CCI系统 EURUSD,Daily: loaded successfully
0	15:01:06.593	CCI系统 EURUSD,Daily: initialized
0	15:01:06.796	CCI系统 EURUSD,Daily: uninit reason 2
0	15:01:06.812	Expert CCI系统 EURUSD,Daily: removed
0	15:01:06.812	Expert CCI系统 EURUSD,Daily: loaded successfully
0	15:01:06.828	CCI系统 EURUSD,Daily: initialized
0	15:05:04.680	CCI系统 EURUSD,Daily: uninit reason 2
0	15:05:04.680	Expert CCI系统 EURUSD,Daily: removed
0	15:05:04.696	Expert CCI系统 EURUSD,Daily: loaded successfully
0	15:05:04.727	CCI系统 EURUSD,Daily: initialized
0	15:05:04.946	CCI系统 EURUSD,Daily: uninit reason 2
0	15:05:04.962	Expert CCI系统 EURUSD,Daily: removed
0	15:05:04.962	Expert CCI系统 EURUSD,Daily: loaded successfully
0	15:05:04.977	CCI系统 EURUSD,Daily: initialized
0	15:05:05.149	CCI系统 EURUSD,Daily: uninit reason 2
0	15:05:05.149	Expert CCI系统 EURUSD,Daily: removed
0	15:05:05.165	Expert CCI系统 EURUSD,Daily: loaded successfully
0	15:05:05.165	CCI系统 EURUSD,Daily: initialized
0	15:05:13.273	CCI系统 EURUSD,Daily: uninit reason 2
0	15:05:13.273	Expert CCI系统 EURUSD,Daily: removed
0	15:05:13.289	Expert CCI系统 EURUSD,Daily: loaded successfully
0	15:05:13.305	CCI系统 EURUSD,Daily: initialized
0	15:08:49.087	CCI系统 EURUSD,Daily: uninit reason 2
0	15:08:49.087	Expert CCI系统 EURUSD,Daily: removed
0	15:08:49.103	Expert CCI系统 EURUSD,Daily: loaded successfully
0	15:08:49.103	CCI系统 EURUSD,Daily: initialized
0	15:08:49.243	CCI系统 EURUSD,Daily: uninit reason 2
0	15:08:49.243	Expert CCI系统 EURUSD,Daily: removed
0	15:08:49.259	Expert CCI系统 EURUSD,Daily: loaded successfully
0	15:08:49.274	CCI系统 EURUSD,Daily: initialized
0	15:09:18.304	CCI系统 EURUSD,Daily: uninit reason 2
0	15:09:18.304	Expert CCI系统 EURUSD,Daily: removed
0	15:09:18.304	Expert CCI系统 EURUSD,Daily: loaded successfully
0	15:09:18.320	CCI系统 EURUSD,Daily: initialized
0	15:26:46.209	CCI系统 EURUSD,Daily: uninit reason 2
0	15:26:46.209	Expert CCI系统 EURUSD,Daily: removed
0	15:26:46.225	Expert CCI系统 EURUSD,Daily: loaded successfully
0	15:26:46.240	CCI系统 EURUSD,Daily: initialized
0	15:26:50.162	CCI系统 EURUSD,Daily: uninit reason 2
0	15:26:50.162	Expert CCI系统 EURUSD,Daily: removed
0	15:26:50.162	Expert CCI系统 EURUSD,Daily: loaded successfully
0	15:26:50.178	CCI系统 EURUSD,Daily: initialized
0	15:29:02.094	CCI系统 EURUSD,Daily: uninit reason 2
0	15:29:02.094	Expert CCI系统 EURUSD,Daily: removed
0	15:29:02.109	Expert CCI系统 EURUSD,Daily: loaded successfully
0	15:29:02.125	CCI系统 EURUSD,Daily: initialized
0	15:29:02.250	CCI系统 EURUSD,Daily: uninit reason 2
0	15:29:02.250	Expert CCI系统 EURUSD,Daily: removed
0	15:29:02.266	Expert CCI系统 EURUSD,Daily: loaded successfully
0	15:29:02.281	CCI系统 EURUSD,Daily: initialized
0	15:37:11.936	CCI系统 EURUSD,Daily: uninit reason 2
0	15:37:11.936	Expert CCI系统 EURUSD,Daily: removed
0	15:37:11.952	Expert CCI系统 EURUSD,Daily: loaded successfully
0	15:37:11.967	CCI系统 EURUSD,Daily: initialized
0	15:37:12.108	CCI系统 EURUSD,Daily: uninit reason 2
0	15:37:12.108	Expert CCI系统 EURUSD,Daily: removed
0	15:37:12.124	Expert CCI系统 EURUSD,Daily: loaded successfully
0	15:37:12.124	CCI系统 EURUSD,Daily: initialized
0	15:48:31.177	CCI系统 EURUSD,Daily: uninit reason 2
0	15:48:31.177	Expert CCI系统 EURUSD,Daily: removed
0	15:48:31.193	Expert CCI系统 EURUSD,Daily: loaded successfully
0	15:48:31.208	CCI系统 EURUSD,Daily: initialized
0	15:48:31.427	CCI系统 EURUSD,Daily: uninit reason 2
0	15:48:31.427	Expert CCI系统 EURUSD,Daily: removed
0	15:48:31.443	Expert CCI系统 EURUSD,Daily: loaded successfully
0	15:48:31.459	CCI系统 EURUSD,Daily: initialized
0	16:04:14.162	CCI系统 EURUSD,Daily: uninit reason 2
0	16:04:14.162	Expert CCI系统 EURUSD,Daily: removed
0	16:04:14.177	Expert CCI系统 EURUSD,Daily: loaded successfully
0	16:04:14.224	CCI系统 EURUSD,Daily: initialized
0	16:04:14.380	CCI系统 EURUSD,Daily: uninit reason 2
0	16:04:14.380	Expert CCI系统 EURUSD,Daily: removed
0	16:04:14.396	Expert CCI系统 EURUSD,Daily: loaded successfully
0	16:04:14.396	CCI系统 EURUSD,Daily: initialized
0	16:05:07.643	CCI系统 EURUSD,Daily: uninit reason 2
0	16:05:07.643	Expert CCI系统 EURUSD,Daily: removed
0	16:05:07.658	Expert CCI系统 EURUSD,Daily: loaded successfully
0	16:05:07.674	CCI系统 EURUSD,Daily: initialized
0	16:10:47.682	CCI系统 EURUSD,Daily: uninit reason 2
0	16:10:47.682	Expert CCI系统 EURUSD,Daily: removed
0	16:10:47.682	Expert CCI系统 EURUSD,Daily: loaded successfully
0	16:10:47.714	CCI系统 EURUSD,Daily: initialized
0	16:10:47.932	CCI系统 EURUSD,Daily: uninit reason 2
0	16:10:47.948	Expert CCI系统 EURUSD,Daily: removed
0	16:10:47.948	Expert CCI系统 EURUSD,Daily: loaded successfully
0	16:10:47.964	CCI系统 EURUSD,Daily: initialized
0	16:27:26.831	CCI系统 EURUSD,Daily: uninit reason 2
0	16:27:26.831	Expert CCI系统 EURUSD,Daily: removed
0	16:27:26.847	Expert CCI系统 EURUSD,Daily: loaded successfully
0	16:27:26.862	CCI系统 EURUSD,Daily: initialized
0	16:27:27.018	CCI系统 EURUSD,Daily: uninit reason 2
0	16:27:27.018	Expert CCI系统 EURUSD,Daily: removed
0	16:27:27.034	Expert CCI系统 EURUSD,Daily: loaded successfully
0	16:27:27.050	CCI系统 EURUSD,Daily: initialized
0	16:34:17.841	CCI系统 EURUSD,Daily: uninit reason 2
0	16:34:17.841	Expert CCI系统 EURUSD,Daily: removed
0	16:34:17.857	Expert CCI系统 EURUSD,Daily: loaded successfully
0	16:34:17.873	CCI系统 EURUSD,Daily: initialized
0	16:34:18.029	CCI系统 EURUSD,Daily: uninit reason 2
0	16:34:18.029	Expert CCI系统 EURUSD,Daily: removed
0	16:34:18.044	Expert CCI系统 EURUSD,Daily: loaded successfully
0	16:34:18.060	CCI系统 EURUSD,Daily: initialized
0	16:36:04.025	CCI系统 EURUSD,Daily: uninit reason 2
0	16:36:04.040	Expert CCI系统 EURUSD,Daily: removed
0	16:36:04.040	Expert CCI系统 EURUSD,Daily: loaded successfully
0	16:36:04.056	CCI系统 EURUSD,Daily: initialized
0	16:36:04.306	CCI系统 EURUSD,Daily: uninit reason 2
0	16:36:04.306	Expert CCI系统 EURUSD,Daily: removed
0	16:36:04.322	Expert CCI系统 EURUSD,Daily: loaded successfully
0	16:36:04.322	CCI系统 EURUSD,Daily: initialized
0	16:36:15.149	CCI系统 EURUSD,Daily: uninit reason 2
0	16:36:15.149	Expert CCI系统 EURUSD,Daily: removed
0	16:36:15.149	Expert CCI系统 EURUSD,Daily: loaded successfully
0	16:36:15.165	CCI系统 EURUSD,Daily: initialized
0	16:36:15.290	CCI系统 EURUSD,Daily: uninit reason 2
0	16:36:15.306	Expert CCI系统 EURUSD,Daily: removed
0	16:36:15.321	Expert CCI系统 EURUSD,Daily: loaded successfully
0	16:36:15.337	CCI系统 EURUSD,Daily: initialized
0	16:36:15.556	CCI系统 EURUSD,Daily: uninit reason 2
0	16:36:15.556	Expert CCI系统 EURUSD,Daily: removed
0	16:36:15.572	Expert CCI系统 EURUSD,Daily: loaded successfully
0	16:36:15.572	CCI系统 EURUSD,Daily: initialized
0	16:38:14.589	CCI系统 EURUSD,Daily: uninit reason 2
0	16:38:14.589	Expert CCI系统 EURUSD,Daily: removed
0	16:38:14.604	Expert CCI系统 EURUSD,Daily: loaded successfully
0	16:38:14.604	CCI系统 EURUSD,Daily: initialized
0	16:38:15.292	CCI系统 EURUSD,Daily: uninit reason 2
0	16:38:15.292	Expert CCI系统 EURUSD,Daily: removed
0	16:38:15.307	Expert CCI系统 EURUSD,Daily: loaded successfully
0	16:38:15.323	CCI系统 EURUSD,Daily: initialized
0	16:46:40.708	CCI系统 EURUSD,Daily: uninit reason 2
0	16:46:40.708	Expert CCI系统 EURUSD,Daily: removed
0	16:46:40.723	Expert CCI系统 EURUSD,Daily: loaded successfully
0	16:46:40.739	CCI系统 EURUSD,Daily: initialized
0	16:48:11.015	CCI系统 EURUSD,Daily: uninit reason 2
0	16:48:11.015	Expert CCI系统 EURUSD,Daily: removed
0	16:48:11.030	Expert CCI系统 EURUSD,Daily: loaded successfully
0	16:48:11.030	CCI系统 EURUSD,Daily: initialized
0	16:49:38.257	CCI系统 EURUSD,Daily: uninit reason 2
0	16:49:38.257	Expert CCI系统 EURUSD,Daily: removed
0	16:49:38.272	Expert CCI系统 EURUSD,Daily: loaded successfully
0	16:49:38.288	CCI系统 EURUSD,Daily: initialized
0	16:49:41.272	CCI系统 EURUSD,Daily: uninit reason 2
0	16:49:41.272	Expert CCI系统 EURUSD,Daily: removed
0	16:49:41.288	Expert CCI系统 EURUSD,Daily: loaded successfully
0	16:49:41.304	CCI系统 EURUSD,Daily: initialized
0	16:54:44.477	CCI系统 EURUSD,Daily: uninit reason 2
0	16:54:44.477	Expert CCI系统 EURUSD,Daily: removed
0	16:54:44.492	Expert CCI系统 EURUSD,Daily: loaded successfully
0	16:54:44.523	CCI系统 EURUSD,Daily: initialized
0	16:54:44.633	CCI系统 EURUSD,Daily: uninit reason 2
0	16:54:44.633	Expert CCI系统 EURUSD,Daily: removed
0	16:54:44.648	Expert CCI系统 EURUSD,Daily: loaded successfully
0	16:54:44.648	CCI系统 EURUSD,Daily: initialized
0	16:54:44.774	CCI系统 EURUSD,Daily: uninit reason 2
0	16:54:44.774	Expert CCI系统 EURUSD,Daily: removed
0	16:54:44.789	Expert CCI系统 EURUSD,Daily: loaded successfully
0	16:54:44.805	CCI系统 EURUSD,Daily: initialized
0	16:54:45.008	CCI系统 EURUSD,Daily: uninit reason 2
0	16:54:45.008	Expert CCI系统 EURUSD,Daily: removed
0	16:54:45.024	Expert CCI系统 EURUSD,Daily: loaded successfully
0	16:54:45.024	CCI系统 EURUSD,Daily: initialized
0	17:06:57.354	CCI系统 EURUSD,Daily: uninit reason 2
0	17:06:57.354	Expert CCI系统 EURUSD,Daily: removed
0	17:06:57.370	Expert CCI系统 EURUSD,Daily: loaded successfully
0	17:06:57.401	CCI系统 EURUSD,Daily: initialized
0	17:06:57.542	CCI系统 EURUSD,Daily: uninit reason 2
0	17:06:57.542	Expert CCI系统 EURUSD,Daily: removed
0	17:06:57.557	Expert CCI系统 EURUSD,Daily: loaded successfully
0	17:06:57.573	CCI系统 EURUSD,Daily: initialized
0	17:19:53.485	CCI系统 EURUSD,Daily: uninit reason 2
0	17:19:53.485	Expert CCI系统 EURUSD,Daily: removed
0	17:19:53.501	Expert CCI系统 EURUSD,Daily: loaded successfully
0	17:19:53.516	CCI系统 EURUSD,Daily: initialized
0	17:43:02.805	CCI系统 EURUSD,Daily: uninit reason 6
0	17:43:02.813	CCI系统 EURUSD,Daily: initialized
0	17:43:55.486	CCI系统 EURUSD,Daily: uninit reason 6
0	17:43:55.497	CCI系统 EURUSD,Daily: initialized
0	17:43:55.763	CCI系统 EURUSD,Daily: 开始买入
0	17:43:55.763	CCI系统 EURUSD,Daily: cci0:22.82433983927308,cci1:-7.351141924957783
3	17:43:55.763	CCI系统 EURUSD,Daily: trade operations not allowed by settings
0	17:43:55.763	CCI系统 EURUSD,Daily: 买入EURUSDOrderSend 失败错误 #4109
0	17:45:38.710	CCI系统 EURUSD,Daily: uninit reason 1
0	17:45:38.726	Expert CCI系统 EURUSD,Daily: removed
0	17:45:38.742	Expert CCI系统 EURUSD,Daily: loaded successfully
0	17:46:00.928	Expert CCI系统 EURUSD,Daily: removed
0	18:25:28.222	Expert CCI系统 EURUSD,Daily: loaded successfully
0	18:25:42.627	CCI系统 EURUSD,Daily inputs: CCI_period=14; Dynamic_order_volumn=true; volumn=0.1; Start_account=10000.0; Is_add_order=true; ADD_profit=20.0; Is_trailing_profit=true; Trailing_start=20.0; Is_max_stopless=true; MAX_stopless=500.0; Is_max_profit=true; MAX_profit=2000.0; Percent=0.6; 
0	18:25:42.642	CCI系统 EURUSD,Daily: initialized
0	18:29:08.412	CCI系统 EURUSD,Daily: uninit reason 5
0	18:29:08.443	CCI系统 EURUSD,Daily: initialized
0	18:29:08.458	CCI系统 EURUSD,Daily inputs: CCI_period=14; Dynamic_order_volumn=true; volumn=0.5; Start_account=10000.0; Is_add_order=true; ADD_profit=20.0; Is_trailing_profit=true; Trailing_start=20.0; Is_max_stopless=true; MAX_stopless=500.0; Is_max_profit=true; MAX_profit=2000.0; Percent=0.6; 
0	19:40:42.146	CCI系统 EURUSD,Daily: uninit reason 3
0	19:40:42.162	CCI系统 EURUSD,H4: initialized
0	20:36:12.817	CCI系统 EURUSD,H4: uninit reason 6
0	20:36:12.831	CCI系统 EURUSD,H4: initialized
3	20:36:14.435	CCI系统 EURUSD,H4: trade operations not allowed by settings
0	20:36:53.772	CCI系统 EURUSD,H4: uninit reason 6
0	20:36:53.778	CCI系统 EURUSD,H4: initialized
0	20:37:14.189	CCI系统 EURUSD,H4: uninit reason 6
0	20:37:14.190	CCI系统 EURUSD,H4: initialized
3	20:37:14.457	CCI系统 EURUSD,H4: trade operations not allowed by settings
0	20:38:01.888	CCI系统 EURUSD,H4: uninit reason 1
0	20:38:01.904	Expert CCI系统 EURUSD,H4: removed
0	20:38:01.919	Expert CCI系统 EURUSD,H4: loaded successfully
0	20:38:08.575	CCI系统 EURUSD,H4 inputs: CCI_period=14; Dynamic_order_volumn=true; volumn=0.5; Start_account=10000.0; Is_add_order=true; ADD_profit=20.0; Is_trailing_profit=true; Trailing_start=20.0; Is_max_stopless=true; MAX_stopless=500.0; Is_max_profit=true; MAX_profit=2000.0; Percent=0.6; 
0	20:38:08.591	CCI系统 EURUSD,H4: initialized
3	20:38:15.279	CCI系统 EURUSD,H4: trade operations not allowed by settings
0	21:13:26.885	CCI系统 EURUSD,H4: uninit reason 6
0	21:13:26.892	CCI系统 EURUSD,H4: initialized
0	21:16:36.033	CCI系统 EURUSD,H4: uninit reason 2
0	21:16:36.049	Expert CCI系统 EURUSD,H4: removed
0	21:16:36.049	Expert CCI系统 EURUSD,H4: loaded successfully
0	21:16:36.064	CCI系统 EURUSD,H4: initialized
0	21:16:36.221	CCI系统 EURUSD,H4: uninit reason 2
0	21:16:36.221	Expert CCI系统 EURUSD,H4: removed
0	21:16:36.236	Expert CCI系统 EURUSD,H4: loaded successfully
0	21:16:36.252	CCI系统 EURUSD,H4: initialized
0	21:16:36.455	CCI系统 EURUSD,H4: uninit reason 2
0	21:16:36.455	Expert CCI系统 EURUSD,H4: removed
0	21:16:36.471	Expert CCI系统 EURUSD,H4: loaded successfully
0	21:16:36.471	CCI系统 EURUSD,H4: initialized
0	21:20:41.457	CCI系统 EURUSD,H4: uninit reason 6
0	21:20:41.463	CCI系统 EURUSD,H4: initialized
0	21:26:11.344	CCI系统 EURUSD,H4: uninit reason 9
0	21:26:11.421	Expert CCI系统 EURUSD,H4: removed
0	21:27:08.473	Expert CCI系统 EURUSD,H4: loaded successfully
0	21:27:08.473	CCI系统 EURUSD,H4 inputs: CCI_period=14; Dynamic_order_volumn=true; volumn=0.5; Start_account=10000.0; Is_add_order=true; ADD_profit=20.0; Is_trailing_profit=true; Trailing_start=20.0; Is_max_stopless=true; MAX_stopless=500.0; Is_max_profit=true; MAX_profit=2000.0; Percent=0.6; 
0	21:27:12.954	CCI系统 EURUSD,H4: initialized
0	22:08:19.223	CCI系统 EURUSD,H4: uninit reason 5
0	22:08:19.239	CCI系统 EURUSD,H4: initialized
0	22:08:19.317	CCI系统 EURUSD,H4 inputs: CCI_period=14; Dynamic_order_volumn=true; volumn=0.5; Start_account=10000.0; Is_add_order=true; ADD_profit=20.0; Is_trailing_profit=true; Trailing_start=20.0; Is_max_stopless=true; MAX_stopless=50.0; Is_max_profit=true; MAX_profit=2000.0; Percent=0.6; 
0	22:29:20.323	Expert CCI系统 USDCAD,H1: loaded successfully
0	22:29:27.961	CCI系统 USDCAD,H1 inputs: CCI_period=14; Dynamic_order_volumn=true; volumn=0.5; Start_account=10000.0; Is_add_order=true; ADD_profit=20.0; Is_trailing_profit=true; Trailing_start=20.0; Is_max_stopless=true; MAX_stopless=50.0; Is_max_profit=true; MAX_profit=2000.0; Percent=0.6; 
0	22:29:28.008	CCI系统 USDCAD,H1: initialized
0	22:29:38.087	CCI系统 EURUSD,H4: uninit reason 2
0	22:29:38.087	Expert CCI系统 EURUSD,H4: removed
0	22:29:38.102	Expert CCI系统 EURUSD,H4: loaded successfully
0	22:29:38.102	CCI系统 USDCAD,H1: uninit reason 2
0	22:29:38.102	Expert CCI系统 USDCAD,H1: removed
0	22:29:38.118	Expert CCI系统 USDCAD,H1: loaded successfully
0	22:29:38.118	CCI系统 EURUSD,H4: initialized
0	22:29:38.133	CCI系统 USDCAD,H1: initialized
0	22:30:13.021	CCI系统 USDCAD,H1: uninit reason 3
0	22:30:13.037	CCI系统 USDCAD,H4: initialized
0	22:31:23.322	Expert CCI系统 AUDUSD,H4: loaded successfully
0	22:31:32.534	CCI系统 AUDUSD,H4 inputs: CCI_period=14; Dynamic_order_volumn=true; volumn=0.5; Start_account=10000.0; Is_add_order=true; ADD_profit=20.0; Is_trailing_profit=true; Trailing_start=20.0; Is_max_stopless=true; MAX_stopless=50.0; Is_max_profit=true; MAX_profit=2000.0; Percent=0.6; 
0	22:31:32.550	CCI系统 AUDUSD,H4: initialized
0	22:31:37.378	Expert CCI系统 USDCAD,H4: loaded successfully
0	22:31:41.253	CCI系统 USDCAD,H4 inputs: CCI_period=14; Dynamic_order_volumn=true; volumn=0.5; Start_account=10000.0; Is_add_order=true; ADD_profit=20.0; Is_trailing_profit=true; Trailing_start=20.0; Is_max_stopless=true; MAX_stopless=50.0; Is_max_profit=true; MAX_profit=2000.0; Percent=0.6; 
0	22:31:41.268	CCI系统 USDCAD,H4: initialized
0	22:31:46.862	CCI系统 USDCAD,H4: uninit reason 4
0	22:31:46.862	Expert CCI系统 USDCAD,H4: removed
0	22:31:53.846	Expert CCI系统 GBPUSD,H4: loaded successfully
0	22:31:58.673	CCI系统 GBPUSD,H4 inputs: CCI_period=14; Dynamic_order_volumn=true; volumn=0.5; Start_account=10000.0; Is_add_order=true; ADD_profit=20.0; Is_trailing_profit=true; Trailing_start=20.0; Is_max_stopless=true; MAX_stopless=50.0; Is_max_profit=true; MAX_profit=2000.0; Percent=0.6; 
0	22:31:58.705	CCI系统 GBPUSD,H4: initialized
0	22:55:18.669	CCI系统 AUDUSD,H4: 当前盈利：5，加仓空单
3	22:55:18.669	CCI系统 AUDUSD,H4: trade operations not allowed by settings
0	22:55:18.669	CCI系统 AUDUSD,H4: 卖出AUDUSDOrderSend 失败错误 #4109
0	22:55:18.669	CCI系统 AUDUSD,H4: 当前盈利：5，开始平仓
0	22:55:18.779	CCI系统 AUDUSD,H4: 当前盈利：5.02，开始平仓
