0	09:43:57.023	CCI系统 EURUSD,Daily: uninit reason 2
0	09:43:57.038	Expert CCI系统 EURUSD,Daily: removed
0	09:43:57.054	Expert CCI系统 EURUSD,Daily: loaded successfully
0	09:43:57.054	CCI系统 GBPUSD,Daily: uninit reason 2
0	09:43:57.054	Expert CCI系统 GBPUSD,Daily: removed
3	09:43:57.054	cannot load 'C:\Users\mummy\AppData\Roaming\MetaQuotes\Terminal\BB190E062770E27C3E79391AB0D1A117\MQL4\Experts\CCI系统.ex4'
0	09:43:57.070	CCI系统 EURUSD,Daily: initialized
0	09:43:57.195	CCI系统 EURUSD,Daily: uninit reason 2
0	09:43:57.195	Expert CCI系统 EURUSD,Daily: removed
0	09:43:57.210	Expert CCI系统 EURUSD,Daily: loaded successfully
0	09:43:57.210	CCI系统 AUDUSD,Daily: uninit reason 2
0	09:43:57.210	Expert CCI系统 AUDUSD,Daily: removed
0	09:43:57.210	CCI系统 EURUSD,Daily: initialized
0	09:43:57.226	Expert CCI系统 AUDUSD,Daily: loaded successfully
0	09:43:57.226	CCI系统 USDCAD,Daily: uninit reason 2
0	09:43:57.226	Expert CCI系统 USDCAD,Daily: removed
0	09:43:57.226	CCI系统 AUDUSD,Daily: initialized
0	09:43:57.226	Expert CCI系统 USDCAD,Daily: loaded successfully
0	09:43:57.241	CCI系统 USDCAD,Daily: initialized
0	09:45:20.713	CCI系统 EURUSD,Daily: uninit reason 2
0	09:45:20.713	Expert CCI系统 EURUSD,Daily: removed
0	09:45:20.729	Expert CCI系统 EURUSD,Daily: loaded successfully
0	09:45:20.729	CCI系统 AUDUSD,Daily: uninit reason 2
0	09:45:20.729	Expert CCI系统 AUDUSD,Daily: removed
0	09:45:20.745	CCI系统 EURUSD,Daily: initialized
0	09:45:20.745	Expert CCI系统 AUDUSD,Daily: loaded successfully
0	09:45:20.745	CCI系统 USDCAD,Daily: uninit reason 2
0	09:45:20.745	Expert CCI系统 USDCAD,Daily: removed
0	09:45:20.760	CCI系统 AUDUSD,Daily: initialized
0	09:45:20.760	Expert CCI系统 USDCAD,Daily: loaded successfully
0	09:45:20.760	CCI系统 USDCAD,Daily: initialized
0	09:45:21.042	CCI系统 EURUSD,Daily: uninit reason 2
0	09:45:21.042	Expert CCI系统 EURUSD,Daily: removed
0	09:45:21.057	Expert CCI系统 EURUSD,Daily: loaded successfully
0	09:45:21.073	CCI系统 AUDUSD,Daily: uninit reason 2
0	09:45:21.073	Expert CCI系统 AUDUSD,Daily: removed
0	09:45:21.088	CCI系统 EURUSD,Daily: initialized
0	09:45:21.088	Expert CCI系统 AUDUSD,Daily: loaded successfully
0	09:45:21.088	CCI系统 USDCAD,Daily: uninit reason 2
0	09:45:21.088	Expert CCI系统 USDCAD,Daily: removed
0	09:45:21.104	CCI系统 AUDUSD,Daily: initialized
0	09:45:21.104	Expert CCI系统 USDCAD,Daily: loaded successfully
0	09:45:21.120	CCI系统 USDCAD,Daily: initialized
0	09:50:59.943	Automated trading disabled
0	10:11:10.139	CCI系统 EURUSD,Daily: uninit reason 2
0	10:11:10.139	Expert CCI系统 EURUSD,Daily: removed
0	10:11:10.155	Expert CCI系统 EURUSD,Daily: loaded successfully
0	10:11:10.155	CCI系统 AUDUSD,Daily: uninit reason 2
0	10:11:10.155	Expert CCI系统 AUDUSD,Daily: removed
0	10:11:10.171	CCI系统 EURUSD,Daily: initialized
0	10:11:10.171	Expert CCI系统 AUDUSD,Daily: loaded successfully
0	10:11:10.171	CCI系统 USDCAD,Daily: uninit reason 2
0	10:11:10.171	Expert CCI系统 USDCAD,Daily: removed
0	10:11:10.171	CCI系统 AUDUSD,Daily: initialized
0	10:11:10.186	Expert CCI系统 USDCAD,Daily: loaded successfully
0	10:11:10.186	CCI系统 USDCAD,Daily: initialized
3	10:19:40.041	CCI系统 EURUSD,Daily: trade operations not allowed by settings
3	10:19:41.588	CCI系统 AUDUSD,Daily: trade operations not allowed by settings
3	10:19:57.182	CCI系统 USDCAD,Daily: trade operations not allowed by settings
0	10:27:14.478	CCI系统 EURUSD,Daily: uninit reason 2
0	10:27:14.478	Expert CCI系统 EURUSD,Daily: removed
0	10:27:14.494	Expert CCI系统 EURUSD,Daily: loaded successfully
0	10:27:14.494	CCI系统 AUDUSD,Daily: uninit reason 2
0	10:27:14.494	Expert CCI系统 AUDUSD,Daily: removed
0	10:27:14.509	CCI系统 EURUSD,Daily: initialized
0	10:27:14.509	Expert CCI系统 AUDUSD,Daily: loaded successfully
0	10:27:14.509	CCI系统 USDCAD,Daily: uninit reason 2
0	10:27:14.509	Expert CCI系统 USDCAD,Daily: removed
0	10:27:14.525	CCI系统 AUDUSD,Daily: initialized
0	10:27:14.525	Expert CCI系统 USDCAD,Daily: loaded successfully
0	10:27:14.540	CCI系统 USDCAD,Daily: initialized
3	10:27:17.885	CCI系统 AUDUSD,Daily: trade operations not allowed by settings
3	10:27:19.165	CCI系统 EURUSD,Daily: trade operations not allowed by settings
3	10:27:20.056	CCI系统 USDCAD,Daily: trade operations not allowed by settings
0	10:34:08.698	CCI系统 EURUSD,Daily: uninit reason 2
0	10:34:08.698	Expert CCI系统 EURUSD,Daily: removed
0	10:34:08.714	Expert CCI系统 EURUSD,Daily: loaded successfully
0	10:34:08.714	CCI系统 AUDUSD,Daily: uninit reason 2
0	10:34:08.729	Expert CCI系统 AUDUSD,Daily: removed
0	10:34:08.729	CCI系统 EURUSD,Daily: initialized
0	10:34:08.729	Expert CCI系统 AUDUSD,Daily: loaded successfully
0	10:34:08.729	CCI系统 USDCAD,Daily: uninit reason 2
0	10:34:08.745	Expert CCI系统 USDCAD,Daily: removed
3	10:34:08.745	cannot load 'C:\Users\mummy\AppData\Roaming\MetaQuotes\Terminal\BB190E062770E27C3E79391AB0D1A117\MQL4\Experts\CCI系统.ex4'
0	10:34:08.761	CCI系统 AUDUSD,Daily: initialized
0	10:34:08.948	CCI系统 AUDUSD,Daily: uninit reason 2
0	10:34:08.948	Expert CCI系统 AUDUSD,Daily: removed
0	10:34:08.964	Expert CCI系统 AUDUSD,Daily: loaded successfully
0	10:34:08.979	CCI系统 AUDUSD,Daily: initialized
3	10:34:10.621	CCI系统 AUDUSD,Daily: trade operations not allowed by settings
3	10:34:13.683	CCI系统 EURUSD,Daily: trade operations not allowed by settings
0	10:36:17.663	CCI系统 EURUSD,Daily: uninit reason 2
0	10:36:17.663	Expert CCI系统 EURUSD,Daily: removed
0	10:36:17.679	Expert CCI系统 EURUSD,Daily: loaded successfully
0	10:36:17.679	CCI系统 AUDUSD,Daily: uninit reason 2
0	10:36:17.679	Expert CCI系统 AUDUSD,Daily: removed
0	10:36:17.694	CCI系统 EURUSD,Daily: initialized
0	10:36:17.694	Expert CCI系统 AUDUSD,Daily: loaded successfully
0	10:36:17.710	CCI系统 AUDUSD,Daily: initialized
3	10:36:22.101	CCI系统 EURUSD,Daily: trade operations not allowed by settings
3	10:36:22.132	CCI系统 AUDUSD,Daily: trade operations not allowed by settings
0	10:36:36.389	CCI系统 EURUSD,Daily: uninit reason 2
0	10:36:36.389	Expert CCI系统 EURUSD,Daily: removed
0	10:36:36.405	Expert CCI系统 EURUSD,Daily: loaded successfully
0	10:36:36.405	CCI系统 AUDUSD,Daily: uninit reason 2
0	10:36:36.405	Expert CCI系统 AUDUSD,Daily: removed
0	10:36:36.420	Expert CCI系统 AUDUSD,Daily: loaded successfully
0	10:36:36.420	CCI系统 EURUSD,Daily: initialized
0	10:36:36.436	CCI系统 AUDUSD,Daily: initialized
3	10:36:53.920	CCI系统 EURUSD,Daily: trade operations not allowed by settings
3	10:36:54.091	CCI系统 AUDUSD,Daily: trade operations not allowed by settings
0	10:39:17.967	CCI系统 EURUSD,Daily: uninit reason 2
0	10:39:17.967	Expert CCI系统 EURUSD,Daily: removed
0	10:39:17.982	Expert CCI系统 EURUSD,Daily: loaded successfully
0	10:39:17.982	CCI系统 AUDUSD,Daily: uninit reason 2
0	10:39:17.982	Expert CCI系统 AUDUSD,Daily: removed
0	10:39:17.998	CCI系统 EURUSD,Daily: initialized
0	10:39:17.998	Expert CCI系统 AUDUSD,Daily: loaded successfully
0	10:39:18.029	CCI系统 AUDUSD,Daily: initialized
0	10:39:18.217	CCI系统 EURUSD,Daily: uninit reason 2
0	10:39:18.217	Expert CCI系统 EURUSD,Daily: removed
0	10:39:18.232	Expert CCI系统 EURUSD,Daily: loaded successfully
0	10:39:18.232	CCI系统 AUDUSD,Daily: uninit reason 2
0	10:39:18.232	Expert CCI系统 AUDUSD,Daily: removed
0	10:39:18.248	CCI系统 EURUSD,Daily: initialized
0	10:39:18.248	Expert CCI系统 AUDUSD,Daily: loaded successfully
0	10:39:18.264	CCI系统 AUDUSD,Daily: initialized
3	10:39:20.654	CCI系统 EURUSD,Daily: trade operations not allowed by settings
3	10:39:21.123	CCI系统 AUDUSD,Daily: trade operations not allowed by settings
0	10:39:32.747	CCI系统 EURUSD,Daily: uninit reason 2
0	10:39:32.747	Expert CCI系统 EURUSD,Daily: removed
0	10:39:32.763	Expert CCI系统 EURUSD,Daily: loaded successfully
0	10:39:32.763	CCI系统 AUDUSD,Daily: uninit reason 2
0	10:39:32.763	Expert CCI系统 AUDUSD,Daily: removed
0	10:39:32.779	Expert CCI系统 AUDUSD,Daily: loaded successfully
0	10:39:32.794	CCI系统 EURUSD,Daily: initialized
0	10:39:32.794	CCI系统 AUDUSD,Daily: initialized
0	10:39:33.060	CCI系统 AUDUSD,Daily: uninit reason 2
0	10:39:33.060	Expert CCI系统 AUDUSD,Daily: removed
0	10:39:33.076	Expert CCI系统 AUDUSD,Daily: loaded successfully
0	10:39:33.076	CCI系统 AUDUSD,Daily: initialized
3	10:39:33.732	CCI系统 EURUSD,Daily: trade operations not allowed by settings
3	10:39:36.576	CCI系统 AUDUSD,Daily: trade operations not allowed by settings
0	10:42:39.164	CCI系统 EURUSD,Daily: uninit reason 2
0	10:42:39.164	Expert CCI系统 EURUSD,Daily: removed
0	10:42:39.180	Expert CCI系统 EURUSD,Daily: loaded successfully
0	10:42:39.180	CCI系统 AUDUSD,Daily: uninit reason 2
0	10:42:39.180	Expert CCI系统 AUDUSD,Daily: removed
0	10:42:39.180	CCI系统 EURUSD,Daily: initialized
0	10:42:39.180	Expert CCI系统 AUDUSD,Daily: loaded successfully
0	10:42:39.211	CCI系统 AUDUSD,Daily: initialized
0	10:42:39.399	CCI系统 AUDUSD,Daily: uninit reason 2
0	10:42:39.399	Expert CCI系统 AUDUSD,Daily: removed
0	10:42:39.414	Expert CCI系统 AUDUSD,Daily: loaded successfully
0	10:42:39.430	CCI系统 AUDUSD,Daily: initialized
3	10:42:41.326	CCI系统 EURUSD,Daily: trade operations not allowed by settings
3	10:42:52.921	CCI系统 AUDUSD,Daily: trade operations not allowed by settings
0	10:49:37.500	CCI系统 EURUSD,Daily: uninit reason 2
0	10:49:37.500	Expert CCI系统 EURUSD,Daily: removed
0	10:49:37.515	Expert CCI系统 EURUSD,Daily: loaded successfully
0	10:49:37.515	CCI系统 AUDUSD,Daily: uninit reason 2
0	10:49:37.515	Expert CCI系统 AUDUSD,Daily: removed
0	10:49:37.531	CCI系统 EURUSD,Daily: initialized
0	10:49:37.531	Expert CCI系统 AUDUSD,Daily: loaded successfully
0	10:49:37.547	CCI系统 AUDUSD,Daily: initialized
3	10:49:38.109	CCI系统 EURUSD,Daily: trade operations not allowed by settings
3	10:49:38.125	CCI系统 AUDUSD,Daily: trade operations not allowed by settings
0	10:49:38.156	CCI系统 EURUSD,Daily: uninit reason 2
0	10:49:38.156	Expert CCI系统 EURUSD,Daily: removed
0	10:49:38.172	Expert CCI系统 EURUSD,Daily: loaded successfully
0	10:49:38.172	CCI系统 AUDUSD,Daily: uninit reason 2
0	10:49:38.172	Expert CCI系统 AUDUSD,Daily: removed
0	10:49:38.187	CCI系统 EURUSD,Daily: initialized
0	10:49:38.187	Expert CCI系统 AUDUSD,Daily: loaded successfully
0	10:49:38.187	CCI系统 AUDUSD,Daily: initialized
3	10:49:38.266	CCI系统 AUDUSD,Daily: trade operations not allowed by settings
3	10:49:41.718	CCI系统 EURUSD,Daily: trade operations not allowed by settings
0	10:50:49.447	CCI系统 EURUSD,Daily: uninit reason 2
0	10:50:49.447	Expert CCI系统 EURUSD,Daily: removed
0	10:50:49.463	Expert CCI系统 EURUSD,Daily: loaded successfully
0	10:50:49.463	CCI系统 AUDUSD,Daily: uninit reason 2
0	10:50:49.478	Expert CCI系统 AUDUSD,Daily: removed
0	10:50:49.478	Expert CCI系统 AUDUSD,Daily: loaded successfully
0	10:50:49.494	CCI系统 EURUSD,Daily: initialized
0	10:50:49.509	CCI系统 AUDUSD,Daily: initialized
0	10:50:49.619	CCI系统 AUDUSD,Daily: uninit reason 2
0	10:50:49.619	Expert CCI系统 AUDUSD,Daily: removed
0	10:50:49.634	Expert CCI系统 AUDUSD,Daily: loaded successfully
0	10:50:49.650	CCI系统 AUDUSD,Daily: initialized
0	10:50:49.791	CCI系统 AUDUSD,Daily: uninit reason 2
0	10:50:49.791	Expert CCI系统 AUDUSD,Daily: removed
0	10:50:49.806	Expert CCI系统 AUDUSD,Daily: loaded successfully
0	10:50:49.806	CCI系统 AUDUSD,Daily: initialized
3	10:50:49.822	CCI系统 AUDUSD,Daily: trade operations not allowed by settings
3	10:50:50.916	CCI系统 EURUSD,Daily: trade operations not allowed by settings
0	11:34:44.685	CCI系统 EURUSD,Daily: uninit reason 2
0	11:34:44.685	Expert CCI系统 EURUSD,Daily: removed
0	11:34:44.701	Expert CCI系统 EURUSD,Daily: loaded successfully
0	11:34:44.701	CCI系统 AUDUSD,Daily: uninit reason 2
0	11:34:44.701	Expert CCI系统 AUDUSD,Daily: removed
0	11:34:44.716	Expert CCI系统 AUDUSD,Daily: loaded successfully
0	11:34:44.716	CCI系统 EURUSD,Daily: initialized
0	11:34:44.732	CCI系统 AUDUSD,Daily: initialized
3	11:34:44.826	CCI系统 AUDUSD,Daily: trade operations not allowed by settings
0	11:34:45.060	CCI系统 EURUSD,Daily: uninit reason 2
0	11:34:45.060	Expert CCI系统 EURUSD,Daily: removed
0	11:34:45.076	Expert CCI系统 EURUSD,Daily: loaded successfully
0	11:34:45.076	CCI系统 AUDUSD,Daily: uninit reason 2
0	11:34:45.076	Expert CCI系统 AUDUSD,Daily: removed
0	11:34:45.091	Expert CCI系统 AUDUSD,Daily: loaded successfully
0	11:34:45.091	CCI系统 EURUSD,Daily: initialized
0	11:34:45.091	CCI系统 AUDUSD,Daily: initialized
3	11:34:45.655	CCI系统 AUDUSD,Daily: trade operations not allowed by settings
3	11:34:46.748	CCI系统 EURUSD,Daily: trade operations not allowed by settings
0	11:36:10.722	CCI系统 EURUSD,Daily: uninit reason 2
0	11:36:10.722	Expert CCI系统 EURUSD,Daily: removed
0	11:36:10.738	Expert CCI系统 EURUSD,Daily: loaded successfully
0	11:36:10.738	CCI系统 AUDUSD,Daily: uninit reason 2
0	11:36:10.738	Expert CCI系统 AUDUSD,Daily: removed
0	11:36:10.753	Expert CCI系统 AUDUSD,Daily: loaded successfully
0	11:36:10.753	CCI系统 EURUSD,Daily: initialized
0	11:36:10.785	CCI系统 AUDUSD,Daily: initialized
0	11:36:10.894	CCI系统 AUDUSD,Daily: uninit reason 2
0	11:36:10.894	Expert CCI系统 AUDUSD,Daily: removed
0	11:36:10.910	Expert CCI系统 AUDUSD,Daily: loaded successfully
0	11:36:10.910	CCI系统 AUDUSD,Daily: initialized
0	11:36:11.191	CCI系统 EURUSD,Daily: uninit reason 2
0	11:36:11.191	Expert CCI系统 EURUSD,Daily: removed
0	11:36:11.206	Expert CCI系统 EURUSD,Daily: loaded successfully
0	11:36:11.206	CCI系统 AUDUSD,Daily: uninit reason 2
0	11:36:11.206	Expert CCI系统 AUDUSD,Daily: removed
0	11:36:11.222	CCI系统 EURUSD,Daily: initialized
0	11:36:11.222	Expert CCI系统 AUDUSD,Daily: loaded successfully
0	11:36:11.222	CCI系统 AUDUSD,Daily: initialized
3	11:36:21.743	CCI系统 AUDUSD,Daily: trade operations not allowed by settings
3	11:36:28.273	CCI系统 EURUSD,Daily: trade operations not allowed by settings
0	11:37:23.155	CCI系统 EURUSD,Daily: uninit reason 9
0	11:37:23.155	BBI EURUSD,Daily: uninit reason 9
0	11:37:23.155	BBI GBPUSD,Daily: uninit reason 9
0	11:37:23.155	CCI系统 AUDUSD,Daily: uninit reason 9
0	11:37:23.544	Expert CCI系统 EURUSD,Daily: removed
0	11:37:23.560	Custom indicator BBI EURUSD,Daily: removed
0	11:37:23.560	Custom indicator BBI GBPUSD,Daily: removed
0	11:37:23.560	Expert CCI系统 AUDUSD,Daily: removed
0	11:37:44.123	Custom indicator BBI EURUSD,Daily: loaded successfully
0	11:37:44.138	Expert CCI系统 EURUSD,Daily: loaded successfully
0	11:37:44.138	CCI系统 EURUSD,Daily inputs: CCI_period=14; volumn=1.0; MAX_stopless=50.0; ADD_profit=20.0; Trailing_start=20.0; MAX_lose=700.0; MAX_profit=200.0; Start_account=10000.0; Percent=0.1; 
0	11:37:44.154	BBI EURUSD,Daily: initialized
0	11:37:44.184	Custom indicator BBI GBPUSD,Daily: loaded successfully
0	11:37:44.200	BBI GBPUSD,Daily: initialized
0	11:37:44.247	Expert CCI系统 AUDUSD,Daily: loaded successfully
0	11:37:44.247	CCI系统 AUDUSD,Daily inputs: CCI_period=14; volumn=1.0; MAX_stopless=50.0; ADD_profit=20.0; Trailing_start=20.0; MAX_lose=700.0; MAX_profit=200.0; Start_account=10000.0; Percent=0.1; 
0	11:37:50.124	CCI系统 EURUSD,Daily: initialized
0	11:37:50.124	CCI系统 AUDUSD,Daily: initialized
3	11:37:51.194	CCI系统 AUDUSD,Daily: trade operations not allowed by settings
3	11:37:52.554	CCI系统 EURUSD,Daily: trade operations not allowed by settings
0	11:46:33.762	CCI系统 EURUSD,Daily: uninit reason 2
0	11:46:33.762	Expert CCI系统 EURUSD,Daily: removed
0	11:46:33.777	Expert CCI系统 EURUSD,Daily: loaded successfully
0	11:46:33.777	CCI系统 AUDUSD,Daily: uninit reason 2
0	11:46:33.777	Expert CCI系统 AUDUSD,Daily: removed
0	11:46:33.793	CCI系统 EURUSD,Daily: initialized
0	11:46:33.793	Expert CCI系统 AUDUSD,Daily: loaded successfully
0	11:46:33.809	CCI系统 AUDUSD,Daily: initialized
3	11:46:33.918	CCI系统 EURUSD,Daily: trade operations not allowed by settings
0	11:46:35.059	CCI系统 EURUSD,Daily: uninit reason 2
0	11:46:35.059	Expert CCI系统 EURUSD,Daily: removed
0	11:46:35.074	Expert CCI系统 EURUSD,Daily: loaded successfully
0	11:46:35.074	CCI系统 AUDUSD,Daily: uninit reason 2
0	11:46:35.074	Expert CCI系统 AUDUSD,Daily: removed
0	11:46:35.090	Expert CCI系统 AUDUSD,Daily: loaded successfully
0	11:46:35.090	CCI系统 EURUSD,Daily: initialized
0	11:46:35.137	CCI系统 AUDUSD,Daily: initialized
0	11:46:35.278	CCI系统 AUDUSD,Daily: uninit reason 2
0	11:46:35.278	Expert CCI系统 AUDUSD,Daily: removed
0	11:46:35.293	Expert CCI系统 AUDUSD,Daily: loaded successfully
0	11:46:35.309	CCI系统 AUDUSD,Daily: initialized
3	11:46:35.872	CCI系统 AUDUSD,Daily: trade operations not allowed by settings
3	11:46:35.934	CCI系统 EURUSD,Daily: trade operations not allowed by settings
0	11:51:38.272	CCI系统 EURUSD,Daily: 当前盈利：12，加仓空单
0	11:51:38.272	CCI系统 EURUSD,Daily: 卖出EURUSDOrderSend 失败错误 #4109
0	11:51:38.302	CCI系统 AUDUSD,Daily: 当前盈利：12，加仓空单
0	11:51:38.302	CCI系统 AUDUSD,Daily: 卖出AUDUSDOrderSend 失败错误 #4109
0	11:51:44.552	CCI系统 EURUSD,Daily: uninit reason 2
0	11:51:44.552	Expert CCI系统 EURUSD,Daily: removed
0	11:51:44.567	Expert CCI系统 EURUSD,Daily: loaded successfully
0	11:51:44.583	CCI系统 AUDUSD,Daily: uninit reason 2
0	11:51:44.583	Expert CCI系统 AUDUSD,Daily: removed
0	11:51:44.583	CCI系统 EURUSD,Daily: initialized
0	11:51:44.599	Expert CCI系统 AUDUSD,Daily: loaded successfully
0	11:51:44.614	CCI系统 AUDUSD,Daily: initialized
0	11:51:44.708	CCI系统 AUDUSD,Daily: uninit reason 2
0	11:51:44.708	Expert CCI系统 AUDUSD,Daily: removed
0	11:51:44.724	Expert CCI系统 AUDUSD,Daily: loaded successfully
0	11:51:44.770	CCI系统 AUDUSD,Daily: initialized
0	11:51:44.864	CCI系统 AUDUSD,Daily: uninit reason 2
0	11:51:44.880	Expert CCI系统 AUDUSD,Daily: removed
0	11:51:44.880	Expert CCI系统 AUDUSD,Daily: loaded successfully
0	11:51:44.895	CCI系统 AUDUSD,Daily: initialized
3	11:55:26.344	CCI系统 EURUSD,Daily: trade operations not allowed by settings
3	11:55:26.344	CCI系统 AUDUSD,Daily: trade operations not allowed by settings
0	12:04:29.727	CCI系统 EURUSD,Daily: uninit reason 2
0	12:04:29.727	Expert CCI系统 EURUSD,Daily: removed
0	12:04:29.742	Expert CCI系统 EURUSD,Daily: loaded successfully
0	12:04:29.742	CCI系统 AUDUSD,Daily: uninit reason 2
0	12:04:29.742	Expert CCI系统 AUDUSD,Daily: removed
0	12:04:29.758	CCI系统 EURUSD,Daily: initialized
0	12:04:29.758	Expert CCI系统 AUDUSD,Daily: loaded successfully
0	12:04:29.774	CCI系统 AUDUSD,Daily: initialized
0	12:04:30.009	CCI系统 EURUSD,Daily: uninit reason 2
0	12:04:30.009	Expert CCI系统 EURUSD,Daily: removed
0	12:04:30.024	Expert CCI系统 EURUSD,Daily: loaded successfully
0	12:04:30.024	CCI系统 AUDUSD,Daily: uninit reason 2
0	12:04:30.024	Expert CCI系统 AUDUSD,Daily: removed
0	12:04:30.039	Expert CCI系统 AUDUSD,Daily: loaded successfully
0	12:04:30.071	CCI系统 AUDUSD,Daily: initialized
0	12:04:30.117	CCI系统 EURUSD,Daily: initialized
0	12:04:30.180	CCI系统 EURUSD,Daily: uninit reason 2
0	12:04:30.180	Expert CCI系统 EURUSD,Daily: removed
0	12:04:30.196	Expert CCI系统 EURUSD,Daily: loaded successfully
0	12:04:30.196	CCI系统 AUDUSD,Daily: uninit reason 2
0	12:04:30.196	Expert CCI系统 AUDUSD,Daily: removed
0	12:04:30.212	CCI系统 EURUSD,Daily: initialized
0	12:04:30.212	Expert CCI系统 AUDUSD,Daily: loaded successfully
0	12:04:30.227	CCI系统 AUDUSD,Daily: initialized
3	12:04:30.227	CCI系统 AUDUSD,Daily: trade operations not allowed by settings
3	12:04:31.696	CCI系统 EURUSD,Daily: trade operations not allowed by settings
0	12:24:22.822	CCI系统 EURUSD,Daily: 当前盈利：12，加仓空单
0	12:24:22.822	CCI系统 EURUSD,Daily: 卖出EURUSDOrderSend 失败错误 #4109
0	12:24:22.837	CCI系统 AUDUSD,Daily: 当前盈利：12，加仓空单
0	12:24:22.837	CCI系统 AUDUSD,Daily: 卖出AUDUSDOrderSend 失败错误 #4109
0	13:16:55.561	CCI系统 EURUSD,Daily: uninit reason 5
0	13:16:55.577	CCI系统 EURUSD,Daily: initialized
0	13:16:55.592	CCI系统 EURUSD,Daily inputs: CCI_period=14; volumn=1.0; MAX_stopless=50.0; ADD_profit=20.0; Trailing_start=20.0; MAX_lose=700.0; MAX_profit=200.0; Start_account=10000.0; IS_add_order=true; Percent=0.6; 
3	13:16:57.248	CCI系统 EURUSD,Daily: trade operations not allowed by settings
0	13:17:10.873	Expert CCI系统 GBPUSD,Daily: loaded successfully
0	13:17:26.122	CCI系统 GBPUSD,Daily inputs: CCI_period=14; volumn=0.5; MAX_stopless=50.0; ADD_profit=20.0; Trailing_start=20.0; MAX_lose=700.0; MAX_profit=200.0; Start_account=10000.0; IS_add_order=true; Percent=0.6; 
0	13:17:26.138	CCI系统 GBPUSD,Daily: initialized
3	13:17:26.138	CCI系统 GBPUSD,Daily: trade operations not allowed by settings
0	13:18:07.053	CCI系统 AUDUSD,Daily: uninit reason 1
0	13:18:07.069	Expert CCI系统 AUDUSD,Daily: removed
0	13:18:13.006	Automated trading enabled
2	13:18:16.850	CCI系统 EURUSD,Daily: close #154781544 sell 1.00 EURUSD at 1.19062 at price 1.19141
0	13:19:02.145	Expert CCI系统 AUDUSD,Daily: loaded successfully
0	13:19:04.442	CCI系统 AUDUSD,Daily inputs: CCI_period=14; volumn=1.0; MAX_stopless=50.0; ADD_profit=20.0; Trailing_start=20.0; MAX_lose=700.0; MAX_profit=200.0; Start_account=10000.0; IS_add_order=true; Percent=0.6; 
0	13:19:04.458	CCI系统 AUDUSD,Daily: initialized
0	13:20:09.351	Expert CCI系统 USDCAD,Daily: loaded successfully
0	13:20:21.320	Expert CCI系统 USDCAD,Daily: removed
0	13:22:23.113	Expert CCI系统 USDCAD,Daily: loaded successfully
0	13:22:24.863	CCI系统 USDCAD,Daily inputs: CCI_period=14; volumn=1.0; MAX_stopless=50.0; ADD_profit=20.0; Trailing_start=20.0; MAX_lose=700.0; MAX_profit=200.0; Start_account=10000.0; IS_add_order=true; Percent=0.6; 
0	13:22:24.878	CCI系统 USDCAD,Daily: initialized
0	13:22:24.878	CCI系统 USDCAD,Daily: uninit reason 1
0	13:22:24.878	CCI系统 USDCAD,Daily: initialized
0	15:33:54.048	CCI系统 EURUSD,Daily: uninit reason 2
0	15:33:54.048	Expert CCI系统 EURUSD,Daily: removed
0	15:33:54.064	Expert CCI系统 EURUSD,Daily: loaded successfully
0	15:33:54.064	CCI系统 GBPUSD,Daily: uninit reason 2
0	15:33:54.064	Expert CCI系统 GBPUSD,Daily: removed
0	15:33:54.079	CCI系统 EURUSD,Daily: initialized
0	15:33:54.079	Expert CCI系统 GBPUSD,Daily: loaded successfully
0	15:33:54.079	CCI系统 AUDUSD,Daily: uninit reason 2
0	15:33:54.079	Expert CCI系统 AUDUSD,Daily: removed
0	15:33:54.095	CCI系统 GBPUSD,Daily: initialized
0	15:33:54.095	Expert CCI系统 AUDUSD,Daily: loaded successfully
0	15:33:54.095	CCI系统 USDCAD,Daily: uninit reason 2
0	15:33:54.095	Expert CCI系统 USDCAD,Daily: removed
0	15:33:54.110	CCI系统 AUDUSD,Daily: initialized
0	15:33:54.110	Expert CCI系统 USDCAD,Daily: loaded successfully
0	15:33:54.110	CCI系统 USDCAD,Daily: initialized
0	17:56:12.826	CCI系统 EURUSD,Daily: uninit reason 2
0	17:56:12.826	Expert CCI系统 EURUSD,Daily: removed
0	17:56:12.842	Expert CCI系统 EURUSD,Daily: loaded successfully
0	17:56:12.842	CCI系统 GBPUSD,Daily: uninit reason 2
0	17:56:12.842	Expert CCI系统 GBPUSD,Daily: removed
0	17:56:12.858	CCI系统 EURUSD,Daily: initialized
0	17:56:12.858	Expert CCI系统 GBPUSD,Daily: loaded successfully
0	17:56:12.858	CCI系统 AUDUSD,Daily: uninit reason 2
0	17:56:12.858	Expert CCI系统 AUDUSD,Daily: removed
0	17:56:12.858	CCI系统 GBPUSD,Daily: initialized
0	17:56:12.874	Expert CCI系统 AUDUSD,Daily: loaded successfully
0	17:56:12.874	CCI系统 USDCAD,Daily: uninit reason 2
0	17:56:12.874	Expert CCI系统 USDCAD,Daily: removed
0	17:56:12.874	CCI系统 AUDUSD,Daily: initialized
0	17:56:12.889	Expert CCI系统 USDCAD,Daily: loaded successfully
0	17:56:12.889	CCI系统 USDCAD,Daily: initialized
0	17:57:06.711	CCI系统 EURUSD,Daily: uninit reason 2
0	17:57:06.711	Expert CCI系统 EURUSD,Daily: removed
0	17:57:06.727	Expert CCI系统 EURUSD,Daily: loaded successfully
0	17:57:06.727	CCI系统 GBPUSD,Daily: uninit reason 2
0	17:57:06.727	Expert CCI系统 GBPUSD,Daily: removed
0	17:57:06.743	CCI系统 EURUSD,Daily: initialized
0	17:57:06.743	Expert CCI系统 GBPUSD,Daily: loaded successfully
0	17:57:06.743	CCI系统 AUDUSD,Daily: uninit reason 2
0	17:57:06.743	Expert CCI系统 AUDUSD,Daily: removed
0	17:57:06.759	CCI系统 GBPUSD,Daily: initialized
0	17:57:06.759	Expert CCI系统 AUDUSD,Daily: loaded successfully
0	17:57:06.759	CCI系统 USDCAD,Daily: uninit reason 2
0	17:57:06.759	Expert CCI系统 USDCAD,Daily: removed
0	17:57:06.774	CCI系统 AUDUSD,Daily: initialized
0	17:57:06.774	Expert CCI系统 USDCAD,Daily: loaded successfully
0	17:57:06.774	CCI系统 USDCAD,Daily: initialized
0	17:57:07.133	CCI系统 EURUSD,Daily: uninit reason 2
0	17:57:07.133	Expert CCI系统 EURUSD,Daily: removed
0	17:57:07.149	Expert CCI系统 EURUSD,Daily: loaded successfully
0	17:57:07.149	CCI系统 GBPUSD,Daily: uninit reason 2
0	17:57:07.149	Expert CCI系统 GBPUSD,Daily: removed
0	17:57:07.165	CCI系统 EURUSD,Daily: initialized
0	17:57:07.165	Expert CCI系统 GBPUSD,Daily: loaded successfully
0	17:57:07.165	CCI系统 AUDUSD,Daily: uninit reason 2
0	17:57:07.165	Expert CCI系统 AUDUSD,Daily: removed
0	17:57:07.180	CCI系统 GBPUSD,Daily: initialized
0	17:57:07.180	Expert CCI系统 AUDUSD,Daily: loaded successfully
0	17:57:07.180	CCI系统 USDCAD,Daily: uninit reason 2
0	17:57:07.180	Expert CCI系统 USDCAD,Daily: removed
0	17:57:07.180	CCI系统 AUDUSD,Daily: initialized
0	17:57:07.196	Expert CCI系统 USDCAD,Daily: loaded successfully
0	17:57:07.211	CCI系统 USDCAD,Daily: initialized
0	17:57:42.725	CCI系统 EURUSD,Daily: uninit reason 2
0	17:57:42.741	Expert CCI系统 EURUSD,Daily: removed
0	17:57:42.741	Expert CCI系统 EURUSD,Daily: loaded successfully
0	17:57:42.741	CCI系统 GBPUSD,Daily: uninit reason 2
0	17:57:42.741	Expert CCI系统 GBPUSD,Daily: removed
0	17:57:42.756	CCI系统 EURUSD,Daily: initialized
0	17:57:42.756	Expert CCI系统 GBPUSD,Daily: loaded successfully
0	17:57:42.756	CCI系统 AUDUSD,Daily: uninit reason 2
0	17:57:42.756	Expert CCI系统 AUDUSD,Daily: removed
0	17:57:42.772	CCI系统 GBPUSD,Daily: initialized
0	17:57:42.772	Expert CCI系统 AUDUSD,Daily: loaded successfully
0	17:57:42.772	CCI系统 USDCAD,Daily: uninit reason 2
0	17:57:42.772	Expert CCI系统 USDCAD,Daily: removed
0	17:57:42.788	CCI系统 AUDUSD,Daily: initialized
0	17:57:42.788	Expert CCI系统 USDCAD,Daily: loaded successfully
0	17:57:42.803	CCI系统 USDCAD,Daily: initialized
0	17:58:13.799	CCI系统 EURUSD,Daily: uninit reason 2
0	17:58:13.799	Expert CCI系统 EURUSD,Daily: removed
0	17:58:13.814	Expert CCI系统 EURUSD,Daily: loaded successfully
0	17:58:13.814	CCI系统 GBPUSD,Daily: uninit reason 2
0	17:58:13.814	Expert CCI系统 GBPUSD,Daily: removed
0	17:58:13.814	CCI系统 EURUSD,Daily: initialized
0	17:58:13.830	Expert CCI系统 GBPUSD,Daily: loaded successfully
0	17:58:13.830	CCI系统 AUDUSD,Daily: uninit reason 2
0	17:58:13.830	Expert CCI系统 AUDUSD,Daily: removed
0	17:58:13.846	CCI系统 GBPUSD,Daily: initialized
0	17:58:13.846	Expert CCI系统 AUDUSD,Daily: loaded successfully
0	17:58:13.846	CCI系统 USDCAD,Daily: uninit reason 2
0	17:58:13.846	Expert CCI系统 USDCAD,Daily: removed
0	17:58:13.846	CCI系统 AUDUSD,Daily: initialized
0	17:58:13.861	Expert CCI系统 USDCAD,Daily: loaded successfully
0	17:58:13.861	CCI系统 USDCAD,Daily: initialized
0	18:02:12.918	Automated trading disabled
3	18:02:12.919	Automated trading disabled because the account has been changed
0	18:02:16.463	CCI系统 EURUSD,Daily: uninit reason 6
0	18:02:16.471	CCI系统 GBPUSD,Daily: uninit reason 6
0	18:02:16.471	CCI系统 EURUSD,Daily: initialized
0	18:02:16.486	CCI系统 GBPUSD,Daily: initialized
0	18:02:16.486	CCI系统 USDCAD,Daily: uninit reason 6
0	18:02:16.502	CCI系统 AUDUSD,Daily: uninit reason 6
0	18:02:16.502	CCI系统 USDCAD,Daily: initialized
0	18:02:16.517	CCI系统 AUDUSD,Daily: initialized
0	18:47:46.245	CCI系统 EURUSD,Daily: uninit reason 6
0	18:47:46.254	CCI系统 EURUSD,Daily: initialized
0	18:47:46.254	CCI系统 GBPUSD,Daily: uninit reason 6
0	18:47:46.270	CCI系统 GBPUSD,Daily: initialized
0	18:47:46.270	CCI系统 USDCAD,Daily: uninit reason 6
0	18:47:46.285	CCI系统 AUDUSD,Daily: uninit reason 6
0	18:47:46.285	CCI系统 USDCAD,Daily: initialized
0	18:47:46.301	CCI系统 AUDUSD,Daily: initialized
0	18:47:58.499	Automated trading enabled
0	18:51:40.446	CCI系统 EURUSD,Daily: uninit reason 2
0	18:51:40.462	Expert CCI系统 EURUSD,Daily: removed
0	18:51:40.462	Expert CCI系统 EURUSD,Daily: loaded successfully
0	18:51:40.462	CCI系统 GBPUSD,Daily: uninit reason 2
0	18:51:40.462	Expert CCI系统 GBPUSD,Daily: removed
0	18:51:40.478	CCI系统 EURUSD,Daily: initialized
0	18:51:40.478	Expert CCI系统 GBPUSD,Daily: loaded successfully
0	18:51:40.478	CCI系统 AUDUSD,Daily: uninit reason 2
0	18:51:40.478	Expert CCI系统 AUDUSD,Daily: removed
0	18:51:40.493	CCI系统 GBPUSD,Daily: initialized
0	18:51:40.493	Expert CCI系统 AUDUSD,Daily: loaded successfully
0	18:51:40.493	CCI系统 USDCAD,Daily: uninit reason 2
0	18:51:40.493	Expert CCI系统 USDCAD,Daily: removed
0	18:51:40.509	CCI系统 AUDUSD,Daily: initialized
0	18:51:40.509	Expert CCI系统 USDCAD,Daily: loaded successfully
0	18:51:40.524	CCI系统 USDCAD,Daily: initialized
0	18:55:32.200	CCI系统 USDCAD,Daily: uninit reason 5
0	18:55:32.232	CCI系统 USDCAD,Daily: initialized
0	18:55:32.325	CCI系统 USDCAD,Daily inputs: CCI_period=14; volumn=0.5; MAX_stopless=50.0; ADD_profit=20.0; Trailing_start=20.0; MAX_profit=200.0; Start_account=10000.0; IS_add_order=true; Percent=0.6; 
3	19:05:15.381	Automated trading disabled due to EA being synchronized with virtual hosting and enabled on virtual hosting
0	19:05:25.474	Automated trading enabled
